
RAxML-NG v. 1.2.2 released on 30.04.2024 by The Exelixis Lab.
Developed by: Alexey M. Kozlov and Alexandros Stamatakis.
Contributors: Diego Darriba, Tomas Flouri, Benoit Morel, Sarah Lutteropp, Ben Bettisworth, Julia Haag, Anastasis Togkousidis.
Latest version: https://github.com/amkozlov/raxml-ng
Questions/problems/suggestions? Please visit: https://groups.google.com/forum/#!forum/raxml

System: Apple M1, 8 cores, 8 GB RAM

RAxML-NG was called at 21-Apr-2026 14:56:45 as follows:

raxml-ng --msa aligned_files/filtered_uce-741.aligned_clustalw.fasta --model GTR+G --prefix astral/project_data/locus741 --seed 12345 --threads 2

Analysis options:
  run mode: ML tree search
  start tree(s): random (10) + parsimony (10)
  random seed: 12345
  tip-inner: OFF
  pattern compression: ON
  per-rate scalers: OFF
  site repeats: ON
  logLH epsilon: general: 10.000000, brlen-triplet: 1000.000000
  fast spr radius: AUTO
  spr subtree cutoff: 1.000000
  fast CLV updates: ON
  branch lengths: proportional (ML estimate, algorithm: NR-FAST)
  SIMD kernels: SSE3
  parallelization: coarse-grained (auto), PTHREADS (2 threads), thread pinning: OFF

[00:00:00] Reading alignment from file: aligned_files/filtered_uce-741.aligned_clustalw.fasta
[00:00:00] Loaded alignment with 10 taxa and 2876 sites

Alignment comprises 1 partitions and 1105 patterns

Partition 0: noname
Model: GTR+FO+G4m
Alignment sites / patterns: 2876 / 1105
Gaps: 45.34 %
Invariant sites: 58.73 %


NOTE: Binary MSA file created: astral/project_data/locus741.raxml.rba

Parallelization scheme autoconfig: 2 worker(s) x 1 thread(s)

[00:00:00] Generating 10 random starting tree(s) with 10 taxa
[00:00:00] Generating 10 parsimony starting tree(s) with 10 taxa
Parallel parsimony with 2 threads
Parallel reduction/worker buffer size: 1 KB  / 0 KB

[00:00:00] Data distribution: max. partitions/sites/weight per thread: 1 / 1105 / 17680
[00:00:00] Data distribution: max. searches per worker: 10

Starting ML tree search with 20 distinct starting trees

[00:00:00 -13192.234785] Initial branch length optimization
[00:00:00 -12456.108417] Model parameter optimization (eps = 10.000000)
[00:00:00 -12118.363167] AUTODETECT spr round 1 (radius: 5)
[00:00:00 -11840.583427] AUTODETECT spr round 2 (radius: 10)
[00:00:00 -11840.141409] SPR radius for FAST iterations: 10 (autodetect)
[00:00:00 -11840.141409] Model parameter optimization (eps = 3.000000)
[00:00:00 -11834.921970] FAST spr round 1 (radius: 10)
[00:00:00 -11822.489743] FAST spr round 2 (radius: 10)
[00:00:00 -11822.486870] Model parameter optimization (eps = 1.000000)
[00:00:00 -11822.081196] SLOW spr round 1 (radius: 5)
[00:00:00 -11822.070225] SLOW spr round 2 (radius: 10)
[00:00:00 -11822.070170] Model parameter optimization (eps = 0.100000)

[00:00:00] [worker #0] ML tree search #1, logLikelihood: -11822.027580

[00:00:00 -13582.213922] Initial branch length optimization
[00:00:00 -12894.127186] Model parameter optimization (eps = 10.000000)
[00:00:00] [worker #1] ML tree search #2, logLikelihood: -11822.024123
[00:00:00 -12486.598133] AUTODETECT spr round 1 (radius: 5)
[00:00:00 -11858.430632] AUTODETECT spr round 2 (radius: 10)
[00:00:00 -11858.155117] SPR radius for FAST iterations: 10 (autodetect)
[00:00:00 -11858.155117] Model parameter optimization (eps = 3.000000)
[00:00:00 -11830.342940] FAST spr round 1 (radius: 10)
[00:00:00 -11822.257616] Model parameter optimization (eps = 1.000000)
[00:00:00 -11822.056450] SLOW spr round 1 (radius: 5)
[00:00:00 -11822.052853] SLOW spr round 2 (radius: 10)
[00:00:01 -11822.052731] Model parameter optimization (eps = 0.100000)
[00:00:01] [worker #1] ML tree search #4, logLikelihood: -11822.031614

[00:00:01] [worker #0] ML tree search #3, logLikelihood: -11822.024328

[00:00:01 -13669.546589] Initial branch length optimization
[00:00:01 -12894.434030] Model parameter optimization (eps = 10.000000)
[00:00:01 -12460.769595] AUTODETECT spr round 1 (radius: 5)
[00:00:01 -11865.561302] AUTODETECT spr round 2 (radius: 10)
[00:00:01 -11865.457004] SPR radius for FAST iterations: 10 (autodetect)
[00:00:01 -11865.457004] Model parameter optimization (eps = 3.000000)
[00:00:01 -11840.352783] FAST spr round 1 (radius: 10)
[00:00:01 -11822.453291] FAST spr round 2 (radius: 10)
[00:00:01 -11822.451531] Model parameter optimization (eps = 1.000000)
[00:00:01 -11822.079492] SLOW spr round 1 (radius: 5)
[00:00:01 -11822.077366] SLOW spr round 2 (radius: 10)
[00:00:01 -11822.077267] Model parameter optimization (eps = 0.100000)

[00:00:01] [worker #0] ML tree search #5, logLikelihood: -11822.027155

[00:00:01 -13785.727550] Initial branch length optimization
[00:00:01 -12857.051149] Model parameter optimization (eps = 10.000000)
[00:00:01] [worker #1] ML tree search #6, logLikelihood: -11822.024985
[00:00:01 -12465.199857] AUTODETECT spr round 1 (radius: 5)
[00:00:01 -11851.091049] AUTODETECT spr round 2 (radius: 10)
[00:00:01 -11850.935293] SPR radius for FAST iterations: 10 (autodetect)
[00:00:01 -11850.935293] Model parameter optimization (eps = 3.000000)
[00:00:01 -11833.377394] FAST spr round 1 (radius: 10)
[00:00:01 -11822.571952] FAST spr round 2 (radius: 10)
[00:00:02 -11822.571577] Model parameter optimization (eps = 1.000000)
[00:00:02 -11822.107918] SLOW spr round 1 (radius: 5)
[00:00:02 -11822.100100] SLOW spr round 2 (radius: 10)
[00:00:02] [worker #1] ML tree search #8, logLikelihood: -11822.024135
[00:00:02 -11822.100049] Model parameter optimization (eps = 0.100000)

[00:00:02] [worker #0] ML tree search #7, logLikelihood: -11822.031351

[00:00:02 -13934.162072] Initial branch length optimization
[00:00:02 -13000.770568] Model parameter optimization (eps = 10.000000)
[00:00:02 -12545.352916] AUTODETECT spr round 1 (radius: 5)
[00:00:02 -11860.327832] AUTODETECT spr round 2 (radius: 10)
[00:00:02 -11860.197224] SPR radius for FAST iterations: 10 (autodetect)
[00:00:02 -11860.197224] Model parameter optimization (eps = 3.000000)
[00:00:02 -11823.236088] FAST spr round 1 (radius: 10)
[00:00:02 -11822.313613] Model parameter optimization (eps = 1.000000)
[00:00:02 -11822.062275] SLOW spr round 1 (radius: 5)
[00:00:02] [worker #1] ML tree search #10, logLikelihood: -11822.023690
[00:00:02 -11822.058208] SLOW spr round 2 (radius: 10)
[00:00:02 -11822.058079] Model parameter optimization (eps = 0.100000)

[00:00:02] [worker #0] ML tree search #9, logLikelihood: -11822.025325

[00:00:02 -12640.750136] Initial branch length optimization
[00:00:02 -12144.573255] Model parameter optimization (eps = 10.000000)
[00:00:02 -11825.732385] AUTODETECT spr round 1 (radius: 5)
[00:00:02 -11822.545641] AUTODETECT spr round 2 (radius: 10)
[00:00:02 -11822.544272] SPR radius for FAST iterations: 5 (autodetect)
[00:00:02 -11822.544272] Model parameter optimization (eps = 3.000000)
[00:00:02 -11822.080407] FAST spr round 1 (radius: 5)
[00:00:02 -11822.075488] Model parameter optimization (eps = 1.000000)
[00:00:02 -11822.027478] SLOW spr round 1 (radius: 5)
[00:00:03] [worker #1] ML tree search #12, logLikelihood: -11822.020407
[00:00:03 -11822.026906] SLOW spr round 2 (radius: 10)
[00:00:03 -11822.026904] Model parameter optimization (eps = 0.100000)

[00:00:03] [worker #0] ML tree search #11, logLikelihood: -11822.020437

[00:00:03 -12697.131846] Initial branch length optimization
[00:00:03 -12157.111495] Model parameter optimization (eps = 10.000000)
[00:00:03 -11839.825844] AUTODETECT spr round 1 (radius: 5)
[00:00:03 -11826.357751] AUTODETECT spr round 2 (radius: 10)
[00:00:03 -11825.765344] SPR radius for FAST iterations: 10 (autodetect)
[00:00:03 -11825.765344] Model parameter optimization (eps = 3.000000)
[00:00:03 -11825.252384] FAST spr round 1 (radius: 10)
[00:00:03 -11822.126417] Model parameter optimization (eps = 1.000000)
[00:00:03 -11822.036298] SLOW spr round 1 (radius: 5)
[00:00:03] [worker #1] ML tree search #14, logLikelihood: -11822.020212
[00:00:03 -11822.026293] SLOW spr round 2 (radius: 10)
[00:00:03 -11822.025904] Model parameter optimization (eps = 0.100000)

[00:00:03] [worker #0] ML tree search #13, logLikelihood: -11822.020259

[00:00:03 -12640.750136] Initial branch length optimization
[00:00:03 -12144.589100] Model parameter optimization (eps = 10.000000)
[00:00:03 -11825.744910] AUTODETECT spr round 1 (radius: 5)
[00:00:03 -11822.585559] AUTODETECT spr round 2 (radius: 10)
[00:00:03 -11822.541739] SPR radius for FAST iterations: 5 (autodetect)
[00:00:03 -11822.541739] Model parameter optimization (eps = 3.000000)
[00:00:03 -11822.092501] FAST spr round 1 (radius: 5)
[00:00:03 -11822.070559] Model parameter optimization (eps = 1.000000)
[00:00:03 -11822.027530] SLOW spr round 1 (radius: 5)
[00:00:03] [worker #1] ML tree search #16, logLikelihood: -11822.020341
[00:00:03 -11822.026071] SLOW spr round 2 (radius: 10)
[00:00:03 -11822.026056] Model parameter optimization (eps = 0.100000)

[00:00:03] [worker #0] ML tree search #15, logLikelihood: -11822.020391

[00:00:03 -12640.750136] Initial branch length optimization
[00:00:03 -12144.595120] Model parameter optimization (eps = 10.000000)
[00:00:03 -11825.699978] AUTODETECT spr round 1 (radius: 5)
[00:00:03 -11822.589042] AUTODETECT spr round 2 (radius: 10)
[00:00:03 -11822.544912] SPR radius for FAST iterations: 5 (autodetect)
[00:00:03 -11822.544912] Model parameter optimization (eps = 3.000000)
[00:00:03 -11822.092993] FAST spr round 1 (radius: 5)
[00:00:04 -11822.081594] Model parameter optimization (eps = 1.000000)
[00:00:04 -11822.028946] SLOW spr round 1 (radius: 5)
[00:00:04 -11822.028065] SLOW spr round 2 (radius: 10)
[00:00:04] [worker #1] ML tree search #18, logLikelihood: -11822.020321
[00:00:04 -11822.028060] Model parameter optimization (eps = 0.100000)

[00:00:04] [worker #0] ML tree search #17, logLikelihood: -11822.020629

[00:00:04 -12638.255515] Initial branch length optimization
[00:00:04 -12147.047651] Model parameter optimization (eps = 10.000000)
[00:00:04 -11832.726595] AUTODETECT spr round 1 (radius: 5)
[00:00:04 -11822.841148] AUTODETECT spr round 2 (radius: 10)
[00:00:04 -11822.708931] SPR radius for FAST iterations: 10 (autodetect)
[00:00:04 -11822.708931] Model parameter optimization (eps = 3.000000)
[00:00:04 -11822.101845] FAST spr round 1 (radius: 10)
[00:00:04 -11822.079459] Model parameter optimization (eps = 1.000000)
[00:00:04 -11822.028908] SLOW spr round 1 (radius: 5)
[00:00:04 -11822.027467] SLOW spr round 2 (radius: 10)
[00:00:04] [worker #1] ML tree search #20, logLikelihood: -11822.020111
[00:00:04 -11822.027452] Model parameter optimization (eps = 0.100000)

[00:00:04] [worker #0] ML tree search #19, logLikelihood: -11822.020539


Optimized model parameters:

   Partition 0: noname
   Rate heterogeneity: GAMMA (4 cats, mean),  alpha: 0.786585 (ML),  weights&rates: (0.250000,0.092701) (0.250000,0.401677) (0.250000,0.953167) (0.250000,2.552455) 
   Base frequencies (ML): 0.266825 0.250855 0.247959 0.234361 
   Substitution rates (ML): 0.847517 3.921546 1.195934 1.052350 4.495293 1.000000 


Final LogLikelihood: -11822.020111

AIC score: 23696.040223 / AICc score: 23696.533027 / BIC score: 23851.108271
Free parameters (model + branch lengths): 26

Best ML tree saved to: /Users/katieburnham/phylogenetics563/data/Astral/project_data/locus741.raxml.bestTree
All ML trees saved to: /Users/katieburnham/phylogenetics563/data/Astral/project_data/locus741.raxml.mlTrees
Optimized model saved to: /Users/katieburnham/phylogenetics563/data/Astral/project_data/locus741.raxml.bestModel

Execution log saved to: /Users/katieburnham/phylogenetics563/data/Astral/project_data/locus741.raxml.log

Analysis started: 21-Apr-2026 14:56:45 / finished: 21-Apr-2026 14:56:50

Elapsed time: 4.699 seconds

